Using pre-set license
Built from '6000.0/staging' branch; Version is '6000.0.48f1 (170d2541580d) revision 1510693'; Using compiler version '193933523'; Build Type 'Release'
OS: 'Windows 11  (10.0.26100) 64bit Core' Language: 'ja' Physical Memory: 32478 MB
BatchMode: 1, IsHumanControllingUs: 0, StartBugReporterOnCrash: 0, Is64bit: 1, IsPro: 1

COMMAND LINE ARGUMENTS:
C:\Program Files\Unity\Hub\Editor\6000.0.48f1\Editor\Unity.exe
-adb2
-batchMode
-noUpm
-name
AssetImportWorker3
-projectPath
C:/Users/ntryo/github/Untiy6_TankProject/TankProject
-logFile
Logs/AssetImportWorker3.log
-srvPort
65425
-job-worker-count
13
-background-job-worker-count
8
-gc-helper-count
1
Successfully changed project path to: C:/Users/ntryo/github/Untiy6_TankProject/TankProject
C:/Users/ntryo/github/Untiy6_TankProject/TankProject
[UnityMemory] Configuration Parameters - Can be set up in boot.config
    "memorysetup-bucket-allocator-granularity=16"
    "memorysetup-bucket-allocator-bucket-count=8"
    "memorysetup-bucket-allocator-block-size=33554432"
    "memorysetup-bucket-allocator-block-count=8"
    "memorysetup-main-allocator-block-size=16777216"
    "memorysetup-thread-allocator-block-size=16777216"
    "memorysetup-gfx-main-allocator-block-size=16777216"
    "memorysetup-gfx-thread-allocator-block-size=16777216"
    "memorysetup-cache-allocator-block-size=4194304"
    "memorysetup-typetree-allocator-block-size=2097152"
    "memorysetup-profiler-bucket-allocator-granularity=16"
    "memorysetup-profiler-bucket-allocator-bucket-count=8"
    "memorysetup-profiler-bucket-allocator-block-size=33554432"
    "memorysetup-profiler-bucket-allocator-block-count=8"
    "memorysetup-profiler-allocator-block-size=16777216"
    "memorysetup-profiler-editor-allocator-block-size=1048576"
    "memorysetup-temp-allocator-size-main=16777216"
    "memorysetup-job-temp-allocator-block-size=2097152"
    "memorysetup-job-temp-allocator-block-size-background=1048576"
    "memorysetup-job-temp-allocator-reduction-small-platforms=262144"
    "memorysetup-allocator-temp-initial-block-size-main=262144"
    "memorysetup-allocator-temp-initial-block-size-worker=262144"
    "memorysetup-temp-allocator-size-background-worker=32768"
    "memorysetup-temp-allocator-size-job-worker=262144"
    "memorysetup-temp-allocator-size-preload-manager=33554432"
    "memorysetup-temp-allocator-size-nav-mesh-worker=65536"
    "memorysetup-temp-allocator-size-audio-worker=65536"
    "memorysetup-temp-allocator-size-cloud-worker=32768"
    "memorysetup-temp-allocator-size-gi-baking-worker=262144"
    "memorysetup-temp-allocator-size-gi-baking-worker=262144"
    "memorysetup-temp-allocator-size-gi-baking-worker=262144"
    "memorysetup-temp-allocator-size-gi-baking-worker=262144"
    "memorysetup-temp-allocator-size-gi-baking-worker=262144"
    "memorysetup-temp-allocator-size-gfx=262144"
Player connection [52452]  Target information:

Player connection [52452]  * "[IP] 192.168.1.186 [Port] 0 [Flags] 2 [Guid] 1559472086 [EditorId] 1559472086 [Version] 1048832 [Id] WindowsEditor(7,DESKTOP-J3JFEHQ) [Debug] 1 [PackageName] WindowsEditor [ProjectName] Editor" 

Player connection [52452] Host joined multi-casting on [225.0.0.222:54997]...
Player connection [52452] Host joined alternative multi-casting on [225.0.0.222:34997]...
JobSystem: Creating JobQueue using job-worker-count value 13
Input System module state changed to: Initialized.
[Physics::Module] Initialized fallback backend.
[Physics::Module] Id: 0xdecafbad
Library Redirect Path: Library/
[Physics::Module] Selected backend.
[Physics::Module] Name: PhysX
[Physics::Module] Id: 0xf2b8ea05
[Physics::Module] SDK Version: 4.1.2
[Physics::Module] Integration Version: 1.0.0
[Physics::Module] Threading Mode: Multi-Threaded
Refreshing native plugins compatible for Editor in 1.01 ms, found 3 plugins.
Preloading 0 native plugins for Editor in 0.00 ms.
Initialize engine version: 6000.0.48f1 (170d2541580d)
[Subsystems] Discovering subsystems at path C:/Program Files/Unity/Hub/Editor/6000.0.48f1/Editor/Data/Resources/UnitySubsystems
[Subsystems] Discovering subsystems at path C:/Users/ntryo/github/Untiy6_TankProject/TankProject/Assets
GfxDevice: creating device client; kGfxThreadingModeNonThreaded
Direct3D:
    Version:  Direct3D 11.0 [level 11.1]
    Renderer: NVIDIA GeForce RTX 4080 SUPER (ID=0x2702)
    Vendor:   NVIDIA
    VRAM:     16047 MB
    Driver:   32.0.15.7270
Initialize mono
Mono path[0] = 'C:/Program Files/Unity/Hub/Editor/6000.0.48f1/Editor/Data/Managed'
Mono path[1] = 'C:/Program Files/Unity/Hub/Editor/6000.0.48f1/Editor/Data/MonoBleedingEdge/lib/mono/unityjit-win32'
Mono config path = 'C:/Program Files/Unity/Hub/Editor/6000.0.48f1/Editor/Data/MonoBleedingEdge/etc'
Using monoOptions --debugger-agent=transport=dt_socket,embedding=1,server=y,suspend=n,address=127.0.0.1:56536
Begin MonoManager ReloadAssembly
Registering precompiled unity dll's ...
Register platform support module: C:/Program Files/Unity/Hub/Editor/6000.0.48f1/Editor/Data/PlaybackEngines/WebGLSupport/UnityEditor.WebGL.Extensions.dll
Register platform support module: C:/Program Files/Unity/Hub/Editor/6000.0.48f1/Editor/Data/PlaybackEngines/WindowsStandaloneSupport/UnityEditor.WindowsStandalone.Extensions.dll
Registered in 0.002237 seconds.
- Loaded All Assemblies, in  0.294 seconds
Native extension for WindowsStandalone target not found
Native extension for WebGL target not found
Mono: successfully reloaded assembly
- Finished resetting the current domain, in  0.277 seconds
Domain Reload Profiling: 570ms
	BeginReloadAssembly (91ms)
		ExecutionOrderSort (0ms)
		DisableScriptedObjects (0ms)
		BackupInstance (0ms)
		ReleaseScriptingObjects (0ms)
		CreateAndSetChildDomain (1ms)
	RebuildCommonClasses (25ms)
	RebuildNativeTypeToScriptingClass (7ms)
	initialDomainReloadingComplete (35ms)
	LoadAllAssembliesAndSetupDomain (135ms)
		LoadAssemblies (89ms)
		RebuildTransferFunctionScriptingTraits (0ms)
		AnalyzeDomain (132ms)
			TypeCache.Refresh (131ms)
				TypeCache.ScanAssembly (122ms)
			BuildScriptInfoCaches (0ms)
			ResolveRequiredComponents (0ms)
	FinalizeReload (277ms)
		ReleaseScriptCaches (0ms)
		RebuildScriptCaches (0ms)
		SetupLoadedEditorAssemblies (242ms)
			LogAssemblyErrors (0ms)
			InitializePlatformSupportModulesInManaged (42ms)
			SetLoadedEditorAssemblies (4ms)
			BeforeProcessingInitializeOnLoad (38ms)
			ProcessInitializeOnLoadAttributes (111ms)
			ProcessInitializeOnLoadMethodAttributes (46ms)
			AfterProcessingInitializeOnLoad (0ms)
			EditorAssembliesLoaded (0ms)
		ExecutionOrderSort2 (0ms)
		AwakeInstancesAfterBackupRestoration (0ms)
========================================================================
Worker process is ready to serve import requests
Import Worker Mode flag is 0x00
Begin MonoManager ReloadAssembly
- Loaded All Assemblies, in  0.662 seconds
Refreshing native plugins compatible for Editor in 0.53 ms, found 3 plugins.
Native extension for WindowsStandalone target not found
Native extension for WebGL target not found
Mono: successfully reloaded assembly
- Finished resetting the current domain, in  0.641 seconds
Domain Reload Profiling: 1301ms
	BeginReloadAssembly (152ms)
		ExecutionOrderSort (0ms)
		DisableScriptedObjects (4ms)
		BackupInstance (0ms)
		ReleaseScriptingObjects (0ms)
		CreateAndSetChildDomain (30ms)
	RebuildCommonClasses (35ms)
	RebuildNativeTypeToScriptingClass (9ms)
	initialDomainReloadingComplete (35ms)
	LoadAllAssembliesAndSetupDomain (429ms)
		LoadAssemblies (316ms)
		RebuildTransferFunctionScriptingTraits (0ms)
		AnalyzeDomain (207ms)
			TypeCache.Refresh (156ms)
				TypeCache.ScanAssembly (141ms)
			BuildScriptInfoCaches (39ms)
			ResolveRequiredComponents (9ms)
	FinalizeReload (641ms)
		ReleaseScriptCaches (0ms)
		RebuildScriptCaches (0ms)
		SetupLoadedEditorAssemblies (435ms)
			LogAssemblyErrors (0ms)
			InitializePlatformSupportModulesInManaged (14ms)
			SetLoadedEditorAssemblies (3ms)
			BeforeProcessingInitializeOnLoad (75ms)
			ProcessInitializeOnLoadAttributes (300ms)
			ProcessInitializeOnLoadMethodAttributes (40ms)
			AfterProcessingInitializeOnLoad (3ms)
			EditorAssembliesLoaded (0ms)
		ExecutionOrderSort2 (0ms)
		AwakeInstancesAfterBackupRestoration (6ms)
Launched and connected shader compiler UnityShaderCompiler.exe after 0.02 seconds
Refreshing native plugins compatible for Editor in 0.77 ms, found 3 plugins.
Preloading 0 native plugins for Editor in 0.00 ms.
Unloading 250 Unused Serialized files (Serialized files now loaded: 0)
Unloading 6081 unused Assets / (5.5 MB). Loaded Objects now: 6792.
Memory consumption went from 187.7 MB to 182.3 MB.
Total: 7.310300 ms (FindLiveObjects: 0.734600 ms CreateObjectMapping: 0.484700 ms MarkObjects: 4.291400 ms  DeleteObjects: 1.797100 ms)

========================================================================
Received Import Request.
  Time since last request: 681777.459104 seconds.
  path: Assets/_Tanks/Art/Models/Environment/RockyPath.FBX
  artifactKey: Guid(c530d9543836c5544850c1b703a2ccd8) Importer(2089858483,192608db42251d675da83286b1cce702)
Start importing Assets/_Tanks/Art/Models/Environment/RockyPath.FBX using Guid(c530d9543836c5544850c1b703a2ccd8) Importer(2089858483,192608db42251d675da83286b1cce702) (ScriptedImporter) -> (artifact id: '009a730122409e2d5182040fe5e2b299') in 0.1937833 seconds
Number of updated asset objects reloaded before import = 0Number of asset objects unloaded after import = 7

========================================================================
Received Import Request.
  Time since last request: 0.000021 seconds.
  path: Assets/_Tanks/Art/Sprites/UI/UI_Circle_Bevel_Base.png
  artifactKey: Guid(b74c31d447d2f5d41a61081bdf5e7126) Importer(2089858483,192608db42251d675da83286b1cce702)
Start importing Assets/_Tanks/Art/Sprites/UI/UI_Circle_Bevel_Base.png using Guid(b74c31d447d2f5d41a61081bdf5e7126) Importer(2089858483,192608db42251d675da83286b1cce702) (ScriptedImporter) -> (artifact id: 'adeb6e8a6d324b3506677b2841dcc1f8') in 0.0358105 seconds
Number of updated asset objects reloaded before import = 0Number of asset objects unloaded after import = 3

========================================================================
Received Import Request.
  Time since last request: 0.000020 seconds.
  path: Assets/_Tanks/Art/Sprites/Aim Arrow.png
  artifactKey: Guid(ab943d3d5ac38bb448fabe3cdc9516d1) Importer(2089858483,192608db42251d675da83286b1cce702)
Start importing Assets/_Tanks/Art/Sprites/Aim Arrow.png using Guid(ab943d3d5ac38bb448fabe3cdc9516d1) Importer(2089858483,192608db42251d675da83286b1cce702) (ScriptedImporter) -> (artifact id: 'e795702cae0715f95d7a14307258ce35') in 0.0072169 seconds
Number of updated asset objects reloaded before import = 0Number of asset objects unloaded after import = 3

========================================================================
Received Import Request.
  Time since last request: 0.000016 seconds.
  path: Assets/_Tanks/Audio/SFX/EngineIdle.aif
  artifactKey: Guid(4932ab25b84dd7649b80af68a9660ddc) Importer(2089858483,192608db42251d675da83286b1cce702)
Start importing Assets/_Tanks/Audio/SFX/EngineIdle.aif using Guid(4932ab25b84dd7649b80af68a9660ddc) Importer(2089858483,192608db42251d675da83286b1cce702) (ScriptedImporter) -> (artifact id: 'ca7345026dad89345832a42741413bde') in 0.0498155 seconds
Number of updated asset objects reloaded before import = 0Number of asset objects unloaded after import = 1

========================================================================
Received Import Request.
  Time since last request: 0.000011 seconds.
  path: Assets/_Tanks/Scripts/Tank/TankInputUser.cs
  artifactKey: Guid(9ebdf30e74a0c65478e737ea47a6b433) Importer(2089858483,192608db42251d675da83286b1cce702)
Start importing Assets/_Tanks/Scripts/Tank/TankInputUser.cs using Guid(9ebdf30e74a0c65478e737ea47a6b433) Importer(2089858483,192608db42251d675da83286b1cce702) (ScriptedImporter) -> (artifact id: '61b75b01c5451ff005ed5e6aab715c2f') in 0.002998 seconds
Number of updated asset objects reloaded before import = 0Number of asset objects unloaded after import = 0

========================================================================
Received Import Request.
  Time since last request: 0.000011 seconds.
  path: Assets/_Tanks/Tutorial_Demo/Demo_Scenes/Demo_Game_Jungle.unity
  artifactKey: Guid(37961ba4d27bd46428d20c2ffe403dc3) Importer(2089858483,192608db42251d675da83286b1cce702)
Start importing Assets/_Tanks/Tutorial_Demo/Demo_Scenes/Demo_Game_Jungle.unity using Guid(37961ba4d27bd46428d20c2ffe403dc3) Importer(2089858483,192608db42251d675da83286b1cce702) (ScriptedImporter) -> (artifact id: '480d340bca8218d35fb4a111a516262b') in 0.0056256 seconds
Number of updated asset objects reloaded before import = 0Number of asset objects unloaded after import = 1

========================================================================
Received Import Request.
  Time since last request: 0.000010 seconds.
  path: Assets/_Tanks/Art/Fonts/Ubuntu/Ubuntu-Regular.ttf
  artifactKey: Guid(27e029099369c4151a70f09ecc09b15a) Importer(2089858483,192608db42251d675da83286b1cce702)
Start importing Assets/_Tanks/Art/Fonts/Ubuntu/Ubuntu-Regular.ttf using Guid(27e029099369c4151a70f09ecc09b15a) Importer(2089858483,192608db42251d675da83286b1cce702) (ScriptedImporter) -> (artifact id: '96c3e896d5338c5b3cddbc5ea0802d05') in 0.0169832 seconds
Number of updated asset objects reloaded before import = 0Number of asset objects unloaded after import = 3

========================================================================
Received Import Request.
  Time since last request: 0.000013 seconds.
  path: Assets/_Tanks/Settings/Profiles/UniversalRenderPipelineAsset_Renderer.asset
  artifactKey: Guid(f08da21c7f4606c4796d5bd66217a06e) Importer(2089858483,192608db42251d675da83286b1cce702)
Start importing Assets/_Tanks/Settings/Profiles/UniversalRenderPipelineAsset_Renderer.asset using Guid(f08da21c7f4606c4796d5bd66217a06e) Importer(2089858483,192608db42251d675da83286b1cce702) (ScriptedImporter) -> (artifact id: '75742c2887bf4d91d3c1743ff615b1fe') in 0.0408733 seconds
Number of updated asset objects reloaded before import = 0Number of asset objects unloaded after import = 1

========================================================================
Received Import Request.
  Time since last request: 0.000021 seconds.
  path: Assets/_Tanks/Prefabs/Environment/Desert/Dunes02.prefab
  artifactKey: Guid(078a6fcb330cfb74b9c4d4a409b9a5c2) Importer(2089858483,192608db42251d675da83286b1cce702)
Start importing Assets/_Tanks/Prefabs/Environment/Desert/Dunes02.prefab using Guid(078a6fcb330cfb74b9c4d4a409b9a5c2) Importer(2089858483,192608db42251d675da83286b1cce702) (ScriptedImporter) -> (artifact id: '96263609d3acead02585467dd22e309a') in 0.007437 seconds
Number of updated asset objects reloaded before import = 0Number of asset objects unloaded after import = 14

========================================================================
Received Import Request.
  Time since last request: 0.000012 seconds.
  path: Assets/_Tanks/Prefabs/Environment/Desert/OasisSandTrees.prefab
  artifactKey: Guid(0550de9538cc56e44b1f45d09c2f2360) Importer(2089858483,192608db42251d675da83286b1cce702)
Start importing Assets/_Tanks/Prefabs/Environment/Desert/OasisSandTrees.prefab using Guid(0550de9538cc56e44b1f45d09c2f2360) Importer(2089858483,192608db42251d675da83286b1cce702) (ScriptedImporter) -> (artifact id: 'a590c5ea00ca8571520b839b5aa67ff8') in 0.0050635 seconds
Number of updated asset objects reloaded before import = 0Number of asset objects unloaded after import = 38

========================================================================
Received Import Request.
  Time since last request: 0.000011 seconds.
  path: Assets/_Tanks/Prefabs/Environment/Desert/OasisSand.prefab
  artifactKey: Guid(470878de0e6a9f4419279799e6591016) Importer(2089858483,192608db42251d675da83286b1cce702)
Start importing Assets/_Tanks/Prefabs/Environment/Desert/OasisSand.prefab using Guid(470878de0e6a9f4419279799e6591016) Importer(2089858483,192608db42251d675da83286b1cce702) (ScriptedImporter) -> (artifact id: 'b2bd739c4f0e7ed22e6f752aa90ce830') in 0.0040974 seconds
Number of updated asset objects reloaded before import = 0Number of asset objects unloaded after import = 36

========================================================================
Received Import Request.
  Time since last request: 0.000015 seconds.
  path: Assets/_Tanks/Prefabs/Environment/Jungle/HelipadJungle.prefab
  artifactKey: Guid(5cd9e30a87ccb8448abf5d1489ab24a1) Importer(2089858483,192608db42251d675da83286b1cce702)
Start importing Assets/_Tanks/Prefabs/Environment/Jungle/HelipadJungle.prefab using Guid(5cd9e30a87ccb8448abf5d1489ab24a1) Importer(2089858483,192608db42251d675da83286b1cce702) (ScriptedImporter) -> (artifact id: '6b3f0e578467c4b40678fa67baba0fa3') in 0.0098184 seconds
Number of updated asset objects reloaded before import = 0Number of asset objects unloaded after import = 18

========================================================================
Received Import Request.
  Time since last request: 0.000012 seconds.
  path: Assets/_Tanks/Prefabs/Environment/Jungle/FlowerJungle.prefab
  artifactKey: Guid(20ada3d142e9f8746aa8d1f1a02fd73d) Importer(2089858483,192608db42251d675da83286b1cce702)
Start importing Assets/_Tanks/Prefabs/Environment/Jungle/FlowerJungle.prefab using Guid(20ada3d142e9f8746aa8d1f1a02fd73d) Importer(2089858483,192608db42251d675da83286b1cce702) (ScriptedImporter) -> (artifact id: 'a47e89dd67be8d942b865a3d6dd21f77') in 0.0042582 seconds
Number of updated asset objects reloaded before import = 0Number of asset objects unloaded after import = 62

========================================================================
Received Import Request.
  Time since last request: 0.000017 seconds.
  path: Assets/_Tanks/Prefabs/Environment/Jungle/RockyPathJungle01.prefab
  artifactKey: Guid(1b9c5edd00dbde047b96e9b211fd9151) Importer(2089858483,192608db42251d675da83286b1cce702)
Start importing Assets/_Tanks/Prefabs/Environment/Jungle/RockyPathJungle01.prefab using Guid(1b9c5edd00dbde047b96e9b211fd9151) Importer(2089858483,192608db42251d675da83286b1cce702) (ScriptedImporter) -> (artifact id: 'bae26b42eb093acad38d9bf75c1c50f0') in 0.0051715 seconds
Number of updated asset objects reloaded before import = 0Number of asset objects unloaded after import = 14

========================================================================
Received Import Request.
  Time since last request: 0.000013 seconds.
  path: Assets/_Tanks/Prefabs/Environment/Desert/PumpJackSand.prefab
  artifactKey: Guid(67c126ae54105994898f82c2588ef705) Importer(2089858483,192608db42251d675da83286b1cce702)
Start importing Assets/_Tanks/Prefabs/Environment/Desert/PumpJackSand.prefab using Guid(67c126ae54105994898f82c2588ef705) Importer(2089858483,192608db42251d675da83286b1cce702) (ScriptedImporter) -> (artifact id: '94bf40ef3ff7f1baf5d4109b3275d957') in 0.0067372 seconds
Number of updated asset objects reloaded before import = 0Number of asset objects unloaded after import = 19

========================================================================
Received Import Request.
  Time since last request: 0.000013 seconds.
  path: Assets/_Tanks/Prefabs/Environment/Jungle/RocksJungle01.prefab
  artifactKey: Guid(8c7d5a9db9790fe46b9a8cacc191036c) Importer(2089858483,192608db42251d675da83286b1cce702)
Start importing Assets/_Tanks/Prefabs/Environment/Jungle/RocksJungle01.prefab using Guid(8c7d5a9db9790fe46b9a8cacc191036c) Importer(2089858483,192608db42251d675da83286b1cce702) (ScriptedImporter) -> (artifact id: 'c0587d253f885f64166b138b4e65e2fe') in 0.0054127 seconds
Number of updated asset objects reloaded before import = 0Number of asset objects unloaded after import = 27

========================================================================
Received Import Request.
  Time since last request: 0.000062 seconds.
  path: Assets/_Tanks/Art/Textures/UI/Highlight_Select.png
  artifactKey: Guid(b2fc9cfefa2d15d41ac68067cc0b7a5a) Importer(2089858483,192608db42251d675da83286b1cce702)
Start importing Assets/_Tanks/Art/Textures/UI/Highlight_Select.png using Guid(b2fc9cfefa2d15d41ac68067cc0b7a5a) Importer(2089858483,192608db42251d675da83286b1cce702) (ScriptedImporter) -> (artifact id: 'd0cbab93161f694bab3d1bba1d58fa69') in 0.0061993 seconds
Number of updated asset objects reloaded before import = 0Number of asset objects unloaded after import = 3

========================================================================
Received Import Request.
  Time since last request: 0.000012 seconds.
  path: Assets/_Tanks/Prefabs/Environment/Desert/RocksSand03.prefab
  artifactKey: Guid(29b46bde1324d834ea7dc79de8decf9d) Importer(2089858483,192608db42251d675da83286b1cce702)
Start importing Assets/_Tanks/Prefabs/Environment/Desert/RocksSand03.prefab using Guid(29b46bde1324d834ea7dc79de8decf9d) Importer(2089858483,192608db42251d675da83286b1cce702) (ScriptedImporter) -> (artifact id: 'f94b1a72258c40f6ee8a660325441f6f') in 0.0041466 seconds
Number of updated asset objects reloaded before import = 0Number of asset objects unloaded after import = 27

========================================================================
Received Import Request.
  Time since last request: 0.000011 seconds.
  path: Assets/_Tanks/Prefabs/Environment/Jungle/Bush04.prefab
  artifactKey: Guid(e34b4bb0533778e43b0011c4ec675bbf) Importer(2089858483,192608db42251d675da83286b1cce702)
Start importing Assets/_Tanks/Prefabs/Environment/Jungle/Bush04.prefab using Guid(e34b4bb0533778e43b0011c4ec675bbf) Importer(2089858483,192608db42251d675da83286b1cce702) (ScriptedImporter) -> (artifact id: '3487d137e652435a6c02f69a7b4e11df') in 0.0045605 seconds
Number of updated asset objects reloaded before import = 0Number of asset objects unloaded after import = 14

========================================================================
Received Import Request.
  Time since last request: 0.000028 seconds.
  path: Assets/_Tanks/Scripts/Camera/CameraControl.cs
  artifactKey: Guid(a9e26b621854da943aeca10c9a73880c) Importer(2089858483,192608db42251d675da83286b1cce702)
Start importing Assets/_Tanks/Scripts/Camera/CameraControl.cs using Guid(a9e26b621854da943aeca10c9a73880c) Importer(2089858483,192608db42251d675da83286b1cce702) (ScriptedImporter) -> (artifact id: '1d143781218a6fbd70aa3dc58210fae5') in 0.0024467 seconds
Number of updated asset objects reloaded before import = 0Number of asset objects unloaded after import = 0

========================================================================
Received Import Request.
  Time since last request: 0.000012 seconds.
  path: Assets/_Tanks/Audio/SFX/PickupPowerUp.wav
  artifactKey: Guid(9c3f923d9d0e6ac45b94846fce0e3420) Importer(2089858483,192608db42251d675da83286b1cce702)
Start importing Assets/_Tanks/Audio/SFX/PickupPowerUp.wav using Guid(9c3f923d9d0e6ac45b94846fce0e3420) Importer(2089858483,192608db42251d675da83286b1cce702) (ScriptedImporter) -> (artifact id: '6144c9b7fa1817c54c6a43b96abd3424') in 0.014531 seconds
Number of updated asset objects reloaded before import = 0Number of asset objects unloaded after import = 1

========================================================================
Received Import Request.
  Time since last request: 0.004850 seconds.
  path: Assets/_Tanks/Prefabs/Environment/Moon/BuildingMoon03.prefab
  artifactKey: Guid(cb153ec5f8a131144afb74c62144be48) Importer(2089858483,192608db42251d675da83286b1cce702)
Start importing Assets/_Tanks/Prefabs/Environment/Moon/BuildingMoon03.prefab using Guid(cb153ec5f8a131144afb74c62144be48) Importer(2089858483,192608db42251d675da83286b1cce702) (ScriptedImporter) -> (artifact id: '6922a7bf2a78aedf00c59acfd12dd936') in 0.0081979 seconds
Number of updated asset objects reloaded before import = 0Number of asset objects unloaded after import = 121

========================================================================
Received Import Request.
  Time since last request: 0.000011 seconds.
  path: Assets/_Tanks/Settings/TextMesh Pro/Shaders/TMP_Bitmap.shader
  artifactKey: Guid(128e987d567d4e2c824d754223b3f3b0) Importer(2089858483,192608db42251d675da83286b1cce702)
Start importing Assets/_Tanks/Settings/TextMesh Pro/Shaders/TMP_Bitmap.shader using Guid(128e987d567d4e2c824d754223b3f3b0) Importer(2089858483,192608db42251d675da83286b1cce702) (ScriptedImporter) -> (artifact id: '4e83f18d8026cea544a2be9f488c3d51') in 0.0074747 seconds
Number of updated asset objects reloaded before import = 0Number of asset objects unloaded after import = 1

========================================================================
Received Import Request.
  Time since last request: 0.000013 seconds.
  path: Assets/_Tanks/Settings/TextMesh Pro/Resources/LineBreaking Following Characters.txt
  artifactKey: Guid(fade42e8bc714b018fac513c043d323b) Importer(2089858483,192608db42251d675da83286b1cce702)
Start importing Assets/_Tanks/Settings/TextMesh Pro/Resources/LineBreaking Following Characters.txt using Guid(fade42e8bc714b018fac513c043d323b) Importer(2089858483,192608db42251d675da83286b1cce702) (ScriptedImporter) -> (artifact id: '22cf1c723ce0013f0553e8368b5ea9cd') in 0.0030155 seconds
Number of updated asset objects reloaded before import = 0Number of asset objects unloaded after import = 1

========================================================================
Received Import Request.
  Time since last request: 0.000028 seconds.
  path: Assets/_Tanks/Prefabs/Environment/Moon/TempleMoon02.prefab
  artifactKey: Guid(9344e16956651c647a7586da26481a03) Importer(2089858483,192608db42251d675da83286b1cce702)
Start importing Assets/_Tanks/Prefabs/Environment/Moon/TempleMoon02.prefab using Guid(9344e16956651c647a7586da26481a03) Importer(2089858483,192608db42251d675da83286b1cce702) (ScriptedImporter) -> (artifact id: 'a65c5ba13f13b13a8f3457e3efa7c8a8') in 0.0062184 seconds
Number of updated asset objects reloaded before import = 0Number of asset objects unloaded after import = 72

========================================================================
Received Import Request.
  Time since last request: 0.000015 seconds.
  path: Assets/_Tanks/Prefabs/Environment/Moon/RocketMoon.prefab
  artifactKey: Guid(9a7f2947cc64694478f2bbf5a563c077) Importer(2089858483,192608db42251d675da83286b1cce702)
Start importing Assets/_Tanks/Prefabs/Environment/Moon/RocketMoon.prefab using Guid(9a7f2947cc64694478f2bbf5a563c077) Importer(2089858483,192608db42251d675da83286b1cce702) (ScriptedImporter) -> (artifact id: 'fe154ec1b20c2f86b4da7b9e675dac4d') in 0.0073419 seconds
Number of updated asset objects reloaded before import = 0Number of asset objects unloaded after import = 54

========================================================================
Received Import Request.
  Time since last request: 0.000012 seconds.
  path: Assets/_Tanks/Prefabs/Environment/Moon/RocketSmokeMoon.prefab
  artifactKey: Guid(b8d78a82473fc01439098bbe45a69c73) Importer(2089858483,192608db42251d675da83286b1cce702)
Start importing Assets/_Tanks/Prefabs/Environment/Moon/RocketSmokeMoon.prefab using Guid(b8d78a82473fc01439098bbe45a69c73) Importer(2089858483,192608db42251d675da83286b1cce702) (ScriptedImporter) -> (artifact id: 'd160660760aa5350f62e3115aa9fd7d3') in 0.0035858 seconds
Number of updated asset objects reloaded before import = 0Number of asset objects unloaded after import = 8

========================================================================
Received Import Request.
  Time since last request: 0.000021 seconds.
  path: Assets/_Tanks/Prefabs/Levels/Levels_Empty/LevelJungle_Empty.prefab
  artifactKey: Guid(9bea0fb58a14644b19a39852279700e3) Importer(2089858483,192608db42251d675da83286b1cce702)
Start importing Assets/_Tanks/Prefabs/Levels/Levels_Empty/LevelJungle_Empty.prefab using Guid(9bea0fb58a14644b19a39852279700e3) Importer(2089858483,192608db42251d675da83286b1cce702) (ScriptedImporter) -> (artifact id: '3ad2a79ae21fc7bd05d79fc6a5d77415') in 0.0109202 seconds
Number of updated asset objects reloaded before import = 0Number of asset objects unloaded after import = 593

========================================================================
Received Import Request.
  Time since last request: 0.000014 seconds.
  path: Assets/_Tanks/Prefabs/PowerUps/Indicators/TemporaryInvincibilityIndicator.prefab
  artifactKey: Guid(f392754c1d8cfae49826033757c520bf) Importer(2089858483,192608db42251d675da83286b1cce702)
Start importing Assets/_Tanks/Prefabs/PowerUps/Indicators/TemporaryInvincibilityIndicator.prefab using Guid(f392754c1d8cfae49826033757c520bf) Importer(2089858483,192608db42251d675da83286b1cce702) (ScriptedImporter) -> (artifact id: '27fcedf7f9d39cce3c6eb0e9fc863640') in 0.0065379 seconds
Number of updated asset objects reloaded before import = 0Number of asset objects unloaded after import = 14

========================================================================
Received Import Request.
  Time since last request: 0.000013 seconds.
  path: Assets/_Tanks/Settings/TextMesh Pro/Shaders/TMPro_Mobile.cginc
  artifactKey: Guid(c334973cef89a9840b0b0c507e0377ab) Importer(2089858483,192608db42251d675da83286b1cce702)
Start importing Assets/_Tanks/Settings/TextMesh Pro/Shaders/TMPro_Mobile.cginc using Guid(c334973cef89a9840b0b0c507e0377ab) Importer(2089858483,192608db42251d675da83286b1cce702) (ScriptedImporter) -> (artifact id: 'e16385ad18de6103923ad46948cc28ff') in 0.0030882 seconds
Number of updated asset objects reloaded before import = 0Number of asset objects unloaded after import = 1

========================================================================
Received Import Request.
  Time since last request: 0.000019 seconds.
  path: Assets/_Tanks/Prefabs/Environment/Moon/TempleMoon01.prefab
  artifactKey: Guid(e8294796e64d27c48b9ac3dc1cc63f82) Importer(2089858483,192608db42251d675da83286b1cce702)
Start importing Assets/_Tanks/Prefabs/Environment/Moon/TempleMoon01.prefab using Guid(e8294796e64d27c48b9ac3dc1cc63f82) Importer(2089858483,192608db42251d675da83286b1cce702) (ScriptedImporter) -> (artifact id: '4284aeb426e1b5fe99561779179cce72') in 0.0066947 seconds
Number of updated asset objects reloaded before import = 0Number of asset objects unloaded after import = 153

========================================================================
Received Import Request.
  Time since last request: 0.000025 seconds.
  path: Assets/_Tanks/Settings/TextMesh Pro/Sprites/EmojiOne.png
  artifactKey: Guid(dffef66376be4fa480fb02b19edbe903) Importer(2089858483,192608db42251d675da83286b1cce702)
Start importing Assets/_Tanks/Settings/TextMesh Pro/Sprites/EmojiOne.png using Guid(dffef66376be4fa480fb02b19edbe903) Importer(2089858483,192608db42251d675da83286b1cce702) (ScriptedImporter) -> (artifact id: '4e4754804a2f07851232cd230ac4a6e8') in 0.0071086 seconds
Number of updated asset objects reloaded before import = 0Number of asset objects unloaded after import = 1

========================================================================
Received Import Request.
  Time since last request: 0.000026 seconds.
  path: Assets/_Tanks/Prefabs/PowerUps/Indicators/DamageReductionIndicator.prefab
  artifactKey: Guid(e8cc447101589584aa7d29b50ce63acc) Importer(2089858483,192608db42251d675da83286b1cce702)
Start importing Assets/_Tanks/Prefabs/PowerUps/Indicators/DamageReductionIndicator.prefab using Guid(e8cc447101589584aa7d29b50ce63acc) Importer(2089858483,192608db42251d675da83286b1cce702) (ScriptedImporter) -> (artifact id: '945f99961fa72e7ae39b4b99187f9be3') in 0.0046223 seconds
Number of updated asset objects reloaded before import = 0Number of asset objects unloaded after import = 35

========================================================================
Received Import Request.
  Time since last request: 0.000015 seconds.
  path: Assets/_Tanks/Tutorial_Demo/Demo_Prefabs/Demo_Tanks/Demo_Tank.prefab
  artifactKey: Guid(756d3a6506f2f8241b4e8badde68567a) Importer(2089858483,192608db42251d675da83286b1cce702)
Start importing Assets/_Tanks/Tutorial_Demo/Demo_Prefabs/Demo_Tanks/Demo_Tank.prefab using Guid(756d3a6506f2f8241b4e8badde68567a) Importer(2089858483,192608db42251d675da83286b1cce702) (ScriptedImporter) -> (artifact id: 'aaeb4656197418ff9d48b71583f056ca') in 0.0974271 seconds
Number of updated asset objects reloaded before import = 0Number of asset objects unloaded after import = 171

========================================================================
Received Import Request.
  Time since last request: 0.000018 seconds.
  path: Assets/_Tanks/Tutorial_Demo/Demo_Scenes/Demo_Scene_Data/Demo_LightingData/Lightmap-2_comp_light.exr
  artifactKey: Guid(c5fe195852cab4d6b9220d10c70e950d) Importer(2089858483,192608db42251d675da83286b1cce702)
Start importing Assets/_Tanks/Tutorial_Demo/Demo_Scenes/Demo_Scene_Data/Demo_LightingData/Lightmap-2_comp_light.exr using Guid(c5fe195852cab4d6b9220d10c70e950d) Importer(2089858483,192608db42251d675da83286b1cce702) (ScriptedImporter) -> (artifact id: '0fdcc049095bdf00e4b840bf17c8abf8') in 0.007468 seconds
Number of updated asset objects reloaded before import = 0Number of asset objects unloaded after import = 1

========================================================================
Received Import Request.
  Time since last request: 0.000014 seconds.
  path: Assets/_Tanks/Tutorial_Demo/Demo_Scenes/Demo_Scene_Data/Demo_LightingData/Lightmap-4_comp_dir.png
  artifactKey: Guid(ef55ab4c052254ced80b9ee7350940ae) Importer(2089858483,192608db42251d675da83286b1cce702)
Start importing Assets/_Tanks/Tutorial_Demo/Demo_Scenes/Demo_Scene_Data/Demo_LightingData/Lightmap-4_comp_dir.png using Guid(ef55ab4c052254ced80b9ee7350940ae) Importer(2089858483,192608db42251d675da83286b1cce702) (ScriptedImporter) -> (artifact id: 'fc370e8f3a382b7b629a78dd68a9c8f5') in 0.0071719 seconds
Number of updated asset objects reloaded before import = 0Number of asset objects unloaded after import = 1

========================================================================
Received Prepare
Begin MonoManager ReloadAssembly
- Loaded All Assemblies, in  0.505 seconds
Refreshing native plugins compatible for Editor in 0.55 ms, found 3 plugins.
Native extension for WindowsStandalone target not found
Native extension for WebGL target not found
Mono: successfully reloaded assembly
- Finished resetting the current domain, in  0.563 seconds
Domain Reload Profiling: 1069ms
	BeginReloadAssembly (162ms)
		ExecutionOrderSort (0ms)
		DisableScriptedObjects (3ms)
		BackupInstance (0ms)
		ReleaseScriptingObjects (0ms)
		CreateAndSetChildDomain (50ms)
	RebuildCommonClasses (23ms)
	RebuildNativeTypeToScriptingClass (8ms)
	initialDomainReloadingComplete (17ms)
	LoadAllAssembliesAndSetupDomain (296ms)
		LoadAssemblies (233ms)
		RebuildTransferFunctionScriptingTraits (0ms)
		AnalyzeDomain (140ms)
			TypeCache.Refresh (6ms)
				TypeCache.ScanAssembly (0ms)
			BuildScriptInfoCaches (123ms)
			ResolveRequiredComponents (7ms)
	FinalizeReload (563ms)
		ReleaseScriptCaches (0ms)
		RebuildScriptCaches (0ms)
		SetupLoadedEditorAssemblies (418ms)
			LogAssemblyErrors (0ms)
			InitializePlatformSupportModulesInManaged (10ms)
			SetLoadedEditorAssemblies (5ms)
			BeforeProcessingInitializeOnLoad (88ms)
			ProcessInitializeOnLoadAttributes (263ms)
			ProcessInitializeOnLoadMethodAttributes (49ms)
			AfterProcessingInitializeOnLoad (2ms)
			EditorAssembliesLoaded (0ms)
		ExecutionOrderSort2 (0ms)
		AwakeInstancesAfterBackupRestoration (12ms)
Refreshing native plugins compatible for Editor in 1.17 ms, found 3 plugins.
Preloading 0 native plugins for Editor in 0.00 ms.
Unloading 35 Unused Serialized files (Serialized files now loaded: 0)
Unloading 6079 unused Assets / (5.5 MB). Loaded Objects now: 6812.
Memory consumption went from 161.2 MB to 155.7 MB.
Total: 8.885600 ms (FindLiveObjects: 0.946400 ms CreateObjectMapping: 0.644800 ms MarkObjects: 4.670200 ms  DeleteObjects: 2.622500 ms)

Prepare: number of updated asset objects reloaded= 0
========================================================================
Received Prepare
Begin MonoManager ReloadAssembly
- Loaded All Assemblies, in  0.490 seconds
Refreshing native plugins compatible for Editor in 0.64 ms, found 3 plugins.
Native extension for WindowsStandalone target not found
Native extension for WebGL target not found
Mono: successfully reloaded assembly
- Finished resetting the current domain, in  0.524 seconds
Domain Reload Profiling: 1015ms
	BeginReloadAssembly (157ms)
		ExecutionOrderSort (0ms)
		DisableScriptedObjects (3ms)
		BackupInstance (0ms)
		ReleaseScriptingObjects (0ms)
		CreateAndSetChildDomain (39ms)
	RebuildCommonClasses (23ms)
	RebuildNativeTypeToScriptingClass (8ms)
	initialDomainReloadingComplete (17ms)
	LoadAllAssembliesAndSetupDomain (286ms)
		LoadAssemblies (247ms)
		RebuildTransferFunctionScriptingTraits (0ms)
		AnalyzeDomain (119ms)
			TypeCache.Refresh (7ms)
				TypeCache.ScanAssembly (0ms)
			BuildScriptInfoCaches (102ms)
			ResolveRequiredComponents (7ms)
	FinalizeReload (525ms)
		ReleaseScriptCaches (0ms)
		RebuildScriptCaches (0ms)
		SetupLoadedEditorAssemblies (372ms)
			LogAssemblyErrors (0ms)
			InitializePlatformSupportModulesInManaged (8ms)
			SetLoadedEditorAssemblies (3ms)
			BeforeProcessingInitializeOnLoad (74ms)
			ProcessInitializeOnLoadAttributes (228ms)
			ProcessInitializeOnLoadMethodAttributes (52ms)
			AfterProcessingInitializeOnLoad (6ms)
			EditorAssembliesLoaded (0ms)
		ExecutionOrderSort2 (0ms)
		AwakeInstancesAfterBackupRestoration (16ms)
Refreshing native plugins compatible for Editor in 1.12 ms, found 3 plugins.
Preloading 0 native plugins for Editor in 0.00 ms.
Unloading 25 Unused Serialized files (Serialized files now loaded: 0)
Unloading 6079 unused Assets / (5.9 MB). Loaded Objects now: 6814.
Memory consumption went from 159.5 MB to 153.7 MB.
Total: 9.783300 ms (FindLiveObjects: 0.643400 ms CreateObjectMapping: 0.672100 ms MarkObjects: 5.448600 ms  DeleteObjects: 3.017000 ms)

Prepare: number of updated asset objects reloaded= 0
Editor requested this worker to shutdown with reason: Scaling down because of idle timeout
AssetImportWorkerClient::OnTransportError - code=2 error=End of file
AssetImportWorker is now disconnected from the server
Process exiting
Exiting without the bug reporter. Application will terminate with return code 0